<?xml version="1.0" encoding="UTF-8"?>
<!-- Generated by org.testng.reporters.JUnitReportReporter -->
<testsuite skipped="0" hostname="Sahil" name="msnAgile.Test.LoginPageTest" tests="1" failures="0" timestamp="2023-07-31T15:10:53 IST" time="23.175" errors="0">
  <testcase name="loginTest" time="23.175" classname="msnAgile.Test.LoginPageTest"/>
  <system-out/>
</testsuite> <!-- msnAgile.Test.LoginPageTest -->
